2025-04-10 04:29:35,392 [INFO] Приложение запущено
2025-04-10 04:29:35,398 [DEBUG] Using selector: EpollSelector
2025-04-10 04:29:35,820 [INFO] select pg_catalog.version()
2025-04-10 04:29:35,821 [INFO] [raw sql] ()
2025-04-10 04:29:35,821 [INFO] select current_schema()
2025-04-10 04:29:35,821 [INFO] [raw sql] ()
2025-04-10 04:29:35,822 [INFO] show standard_conforming_strings
2025-04-10 04:29:35,822 [INFO] [raw sql] ()
2025-04-10 04:29:35,822 [INFO] BEGIN (implicit)
2025-04-10 04:29:35,825 [INFO] SELECT pg_catalog.pg_class.relname 
FROM pg_catalog.pg_class JOIN pg_catalog.pg_namespace ON pg_catalog.pg_namespace.oid = pg_catalog.pg_class.relnamespace 
WHERE pg_catalog.pg_class.relname = $1::VARCHAR AND pg_catalog.pg_class.relkind = ANY (ARRAY[$2::VARCHAR, $3::VARCHAR, $4::VARCHAR, $5::VARCHAR, $6::VARCHAR]) AND pg_catalog.pg_table_is_visible(pg_catalog.pg_class.oid) AND pg_catalog.pg_namespace.nspname != $7::VARCHAR
2025-04-10 04:29:35,825 [INFO] [generated in 0.00016s] ('banner', 'r', 'p', 'f', 'v', 'm', 'pg_catalog')
2025-04-10 04:29:35,827 [INFO] SELECT pg_catalog.pg_class.relname 
FROM pg_catalog.pg_class JOIN pg_catalog.pg_namespace ON pg_catalog.pg_namespace.oid = pg_catalog.pg_class.relnamespace 
WHERE pg_catalog.pg_class.relname = $1::VARCHAR AND pg_catalog.pg_class.relkind = ANY (ARRAY[$2::VARCHAR, $3::VARCHAR, $4::VARCHAR, $5::VARCHAR, $6::VARCHAR]) AND pg_catalog.pg_table_is_visible(pg_catalog.pg_class.oid) AND pg_catalog.pg_namespace.nspname != $7::VARCHAR
2025-04-10 04:29:35,827 [INFO] [cached since 0.001982s ago] ('category', 'r', 'p', 'f', 'v', 'm', 'pg_catalog')
2025-04-10 04:29:35,827 [INFO] SELECT pg_catalog.pg_class.relname 
FROM pg_catalog.pg_class JOIN pg_catalog.pg_namespace ON pg_catalog.pg_namespace.oid = pg_catalog.pg_class.relnamespace 
WHERE pg_catalog.pg_class.relname = $1::VARCHAR AND pg_catalog.pg_class.relkind = ANY (ARRAY[$2::VARCHAR, $3::VARCHAR, $4::VARCHAR, $5::VARCHAR, $6::VARCHAR]) AND pg_catalog.pg_table_is_visible(pg_catalog.pg_class.oid) AND pg_catalog.pg_namespace.nspname != $7::VARCHAR
2025-04-10 04:29:35,827 [INFO] [cached since 0.002447s ago] ('product', 'r', 'p', 'f', 'v', 'm', 'pg_catalog')
2025-04-10 04:29:35,827 [INFO] SELECT pg_catalog.pg_class.relname 
FROM pg_catalog.pg_class JOIN pg_catalog.pg_namespace ON pg_catalog.pg_namespace.oid = pg_catalog.pg_class.relnamespace 
WHERE pg_catalog.pg_class.relname = $1::VARCHAR AND pg_catalog.pg_class.relkind = ANY (ARRAY[$2::VARCHAR, $3::VARCHAR, $4::VARCHAR, $5::VARCHAR, $6::VARCHAR]) AND pg_catalog.pg_table_is_visible(pg_catalog.pg_class.oid) AND pg_catalog.pg_namespace.nspname != $7::VARCHAR
2025-04-10 04:29:35,827 [INFO] [cached since 0.002811s ago] ('users', 'r', 'p', 'f', 'v', 'm', 'pg_catalog')
2025-04-10 04:29:35,828 [INFO] SELECT pg_catalog.pg_class.relname 
FROM pg_catalog.pg_class JOIN pg_catalog.pg_namespace ON pg_catalog.pg_namespace.oid = pg_catalog.pg_class.relnamespace 
WHERE pg_catalog.pg_class.relname = $1::VARCHAR AND pg_catalog.pg_class.relkind = ANY (ARRAY[$2::VARCHAR, $3::VARCHAR, $4::VARCHAR, $5::VARCHAR, $6::VARCHAR]) AND pg_catalog.pg_table_is_visible(pg_catalog.pg_class.oid) AND pg_catalog.pg_namespace.nspname != $7::VARCHAR
2025-04-10 04:29:35,828 [INFO] [cached since 0.003144s ago] ('sellers', 'r', 'p', 'f', 'v', 'm', 'pg_catalog')
2025-04-10 04:29:35,828 [INFO] SELECT pg_catalog.pg_class.relname 
FROM pg_catalog.pg_class JOIN pg_catalog.pg_namespace ON pg_catalog.pg_namespace.oid = pg_catalog.pg_class.relnamespace 
WHERE pg_catalog.pg_class.relname = $1::VARCHAR AND pg_catalog.pg_class.relkind = ANY (ARRAY[$2::VARCHAR, $3::VARCHAR, $4::VARCHAR, $5::VARCHAR, $6::VARCHAR]) AND pg_catalog.pg_table_is_visible(pg_catalog.pg_class.oid) AND pg_catalog.pg_namespace.nspname != $7::VARCHAR
2025-04-10 04:29:35,828 [INFO] [cached since 0.003478s ago] ('cart', 'r', 'p', 'f', 'v', 'm', 'pg_catalog')
2025-04-10 04:29:35,828 [INFO] SELECT pg_catalog.pg_class.relname 
FROM pg_catalog.pg_class JOIN pg_catalog.pg_namespace ON pg_catalog.pg_namespace.oid = pg_catalog.pg_class.relnamespace 
WHERE pg_catalog.pg_class.relname = $1::VARCHAR AND pg_catalog.pg_class.relkind = ANY (ARRAY[$2::VARCHAR, $3::VARCHAR, $4::VARCHAR, $5::VARCHAR, $6::VARCHAR]) AND pg_catalog.pg_table_is_visible(pg_catalog.pg_class.oid) AND pg_catalog.pg_namespace.nspname != $7::VARCHAR
2025-04-10 04:29:35,828 [INFO] [cached since 0.003803s ago] ('order', 'r', 'p', 'f', 'v', 'm', 'pg_catalog')
2025-04-10 04:29:35,829 [INFO] SELECT pg_catalog.pg_class.relname 
FROM pg_catalog.pg_class JOIN pg_catalog.pg_namespace ON pg_catalog.pg_namespace.oid = pg_catalog.pg_class.relnamespace 
WHERE pg_catalog.pg_class.relname = $1::VARCHAR AND pg_catalog.pg_class.relkind = ANY (ARRAY[$2::VARCHAR, $3::VARCHAR, $4::VARCHAR, $5::VARCHAR, $6::VARCHAR]) AND pg_catalog.pg_table_is_visible(pg_catalog.pg_class.oid) AND pg_catalog.pg_namespace.nspname != $7::VARCHAR
2025-04-10 04:29:35,829 [INFO] [cached since 0.004047s ago] ('order_item', 'r', 'p', 'f', 'v', 'm', 'pg_catalog')
2025-04-10 04:29:35,829 [INFO] COMMIT
2025-04-10 04:29:35,829 [INFO] BEGIN (implicit)
2025-04-10 04:29:35,841 [INFO] SELECT category.id, category.name, category.created, category.updated 
FROM category
2025-04-10 04:29:35,841 [INFO] [generated in 0.00025s] ()
2025-04-10 04:29:35,843 [INFO] SELECT banner.id, banner.name, banner.image, banner.description, banner.created, banner.updated 
FROM banner
2025-04-10 04:29:35,843 [INFO] [generated in 0.00018s] ()
2025-04-10 04:29:35,845 [INFO] ROLLBACK
2025-04-10 04:29:35,845 [INFO] Start polling
2025-04-10 04:29:35,962 [INFO] Run polling for bot @sultanshop20_bot id=7443088052 - 'Sultan shop'
2025-04-10 04:29:41,562 [INFO] BEGIN (implicit)
2025-04-10 04:29:41,564 [INFO] SELECT product.id, product.name, product.description, product.price, product.image, product.category_id, product.seller_id, product.quantity, product.created, product.updated 
FROM product 
WHERE product.id = $1::INTEGER
2025-04-10 04:29:41,564 [INFO] [generated in 0.00013s] (3,)
2025-04-10 04:29:41,566 [INFO] SELECT category.id AS category_id, category.name AS category_name, category.created AS category_created, category.updated AS category_updated 
FROM category 
WHERE category.id IN ($1::INTEGER)
2025-04-10 04:29:41,566 [INFO] [generated in 0.00015s] (7,)
2025-04-10 04:29:42,051 [INFO] ROLLBACK
2025-04-10 04:29:42,052 [INFO] Update id=734890008 is handled. Duration 490 ms by bot id=7443088052
2025-04-10 04:29:45,491 [INFO] Update id=734890009 is handled. Duration 130 ms by bot id=7443088052
2025-04-10 04:29:46,594 [INFO] BEGIN (implicit)
2025-04-10 04:29:46,595 [INFO] SELECT category.id, category.name, category.created, category.updated 
FROM category
2025-04-10 04:29:46,595 [INFO] [cached since 10.75s ago] ()
2025-04-10 04:29:46,743 [INFO] ROLLBACK
2025-04-10 04:29:46,744 [INFO] Update id=734890010 is handled. Duration 150 ms by bot id=7443088052
2025-04-10 04:29:51,631 [INFO] BEGIN (implicit)
2025-04-10 04:29:51,632 [INFO] SELECT sellers.id, sellers.name, sellers.description, sellers.phone, sellers.address, sellers.created, sellers.updated 
FROM sellers
2025-04-10 04:29:51,632 [INFO] [generated in 0.00011s] ()
2025-04-10 04:29:51,768 [INFO] ROLLBACK
2025-04-10 04:29:51,769 [INFO] Update id=734890011 is handled. Duration 138 ms by bot id=7443088052
2025-04-10 04:29:53,188 [INFO] BEGIN (implicit)
2025-04-10 04:29:53,188 [INFO] SELECT sellers.id, sellers.name, sellers.description, sellers.phone, sellers.address, sellers.created, sellers.updated 
FROM sellers
2025-04-10 04:29:53,188 [INFO] [cached since 1.556s ago] ()
2025-04-10 04:29:53,433 [INFO] ROLLBACK
2025-04-10 04:29:53,434 [INFO] Update id=734890012 is handled. Duration 247 ms by bot id=7443088052
2025-04-10 04:29:56,104 [INFO] Update id=734890013 is handled. Duration 125 ms by bot id=7443088052
2025-04-10 04:29:58,611 [INFO] Update id=734890014 is handled. Duration 152 ms by bot id=7443088052
2025-04-10 04:30:00,063 [INFO] Update id=734890015 is handled. Duration 153 ms by bot id=7443088052
2025-04-10 04:56:53,269 [INFO] Приложение запущено
2025-04-10 04:56:53,275 [DEBUG] Using selector: EpollSelector
2025-04-10 04:56:53,708 [INFO] select pg_catalog.version()
2025-04-10 04:56:53,708 [INFO] [raw sql] ()
2025-04-10 04:56:53,709 [INFO] select current_schema()
2025-04-10 04:56:53,709 [INFO] [raw sql] ()
2025-04-10 04:56:53,709 [INFO] show standard_conforming_strings
2025-04-10 04:56:53,710 [INFO] [raw sql] ()
2025-04-10 04:56:53,710 [INFO] BEGIN (implicit)
2025-04-10 04:56:53,713 [INFO] SELECT pg_catalog.pg_class.relname 
FROM pg_catalog.pg_class JOIN pg_catalog.pg_namespace ON pg_catalog.pg_namespace.oid = pg_catalog.pg_class.relnamespace 
WHERE pg_catalog.pg_class.relname = $1::VARCHAR AND pg_catalog.pg_class.relkind = ANY (ARRAY[$2::VARCHAR, $3::VARCHAR, $4::VARCHAR, $5::VARCHAR, $6::VARCHAR]) AND pg_catalog.pg_table_is_visible(pg_catalog.pg_class.oid) AND pg_catalog.pg_namespace.nspname != $7::VARCHAR
2025-04-10 04:56:53,714 [INFO] [generated in 0.00061s] ('banner', 'r', 'p', 'f', 'v', 'm', 'pg_catalog')
2025-04-10 04:56:53,716 [INFO] SELECT pg_catalog.pg_class.relname 
FROM pg_catalog.pg_class JOIN pg_catalog.pg_namespace ON pg_catalog.pg_namespace.oid = pg_catalog.pg_class.relnamespace 
WHERE pg_catalog.pg_class.relname = $1::VARCHAR AND pg_catalog.pg_class.relkind = ANY (ARRAY[$2::VARCHAR, $3::VARCHAR, $4::VARCHAR, $5::VARCHAR, $6::VARCHAR]) AND pg_catalog.pg_table_is_visible(pg_catalog.pg_class.oid) AND pg_catalog.pg_namespace.nspname != $7::VARCHAR
2025-04-10 04:56:53,716 [INFO] [cached since 0.002914s ago] ('category', 'r', 'p', 'f', 'v', 'm', 'pg_catalog')
2025-04-10 04:56:53,716 [INFO] SELECT pg_catalog.pg_class.relname 
FROM pg_catalog.pg_class JOIN pg_catalog.pg_namespace ON pg_catalog.pg_namespace.oid = pg_catalog.pg_class.relnamespace 
WHERE pg_catalog.pg_class.relname = $1::VARCHAR AND pg_catalog.pg_class.relkind = ANY (ARRAY[$2::VARCHAR, $3::VARCHAR, $4::VARCHAR, $5::VARCHAR, $6::VARCHAR]) AND pg_catalog.pg_table_is_visible(pg_catalog.pg_class.oid) AND pg_catalog.pg_namespace.nspname != $7::VARCHAR
2025-04-10 04:56:53,717 [INFO] [cached since 0.003373s ago] ('product', 'r', 'p', 'f', 'v', 'm', 'pg_catalog')
2025-04-10 04:56:53,717 [INFO] SELECT pg_catalog.pg_class.relname 
FROM pg_catalog.pg_class JOIN pg_catalog.pg_namespace ON pg_catalog.pg_namespace.oid = pg_catalog.pg_class.relnamespace 
WHERE pg_catalog.pg_class.relname = $1::VARCHAR AND pg_catalog.pg_class.relkind = ANY (ARRAY[$2::VARCHAR, $3::VARCHAR, $4::VARCHAR, $5::VARCHAR, $6::VARCHAR]) AND pg_catalog.pg_table_is_visible(pg_catalog.pg_class.oid) AND pg_catalog.pg_namespace.nspname != $7::VARCHAR
2025-04-10 04:56:53,717 [INFO] [cached since 0.003795s ago] ('users', 'r', 'p', 'f', 'v', 'm', 'pg_catalog')
2025-04-10 04:56:53,717 [INFO] SELECT pg_catalog.pg_class.relname 
FROM pg_catalog.pg_class JOIN pg_catalog.pg_namespace ON pg_catalog.pg_namespace.oid = pg_catalog.pg_class.relnamespace 
WHERE pg_catalog.pg_class.relname = $1::VARCHAR AND pg_catalog.pg_class.relkind = ANY (ARRAY[$2::VARCHAR, $3::VARCHAR, $4::VARCHAR, $5::VARCHAR, $6::VARCHAR]) AND pg_catalog.pg_table_is_visible(pg_catalog.pg_class.oid) AND pg_catalog.pg_namespace.nspname != $7::VARCHAR
2025-04-10 04:56:53,717 [INFO] [cached since 0.004139s ago] ('sellers', 'r', 'p', 'f', 'v', 'm', 'pg_catalog')
2025-04-10 04:56:53,718 [INFO] SELECT pg_catalog.pg_class.relname 
FROM pg_catalog.pg_class JOIN pg_catalog.pg_namespace ON pg_catalog.pg_namespace.oid = pg_catalog.pg_class.relnamespace 
WHERE pg_catalog.pg_class.relname = $1::VARCHAR AND pg_catalog.pg_class.relkind = ANY (ARRAY[$2::VARCHAR, $3::VARCHAR, $4::VARCHAR, $5::VARCHAR, $6::VARCHAR]) AND pg_catalog.pg_table_is_visible(pg_catalog.pg_class.oid) AND pg_catalog.pg_namespace.nspname != $7::VARCHAR
2025-04-10 04:56:53,718 [INFO] [cached since 0.00446s ago] ('cart', 'r', 'p', 'f', 'v', 'm', 'pg_catalog')
2025-04-10 04:56:53,718 [INFO] SELECT pg_catalog.pg_class.relname 
FROM pg_catalog.pg_class JOIN pg_catalog.pg_namespace ON pg_catalog.pg_namespace.oid = pg_catalog.pg_class.relnamespace 
WHERE pg_catalog.pg_class.relname = $1::VARCHAR AND pg_catalog.pg_class.relkind = ANY (ARRAY[$2::VARCHAR, $3::VARCHAR, $4::VARCHAR, $5::VARCHAR, $6::VARCHAR]) AND pg_catalog.pg_table_is_visible(pg_catalog.pg_class.oid) AND pg_catalog.pg_namespace.nspname != $7::VARCHAR
2025-04-10 04:56:53,718 [INFO] [cached since 0.004819s ago] ('order', 'r', 'p', 'f', 'v', 'm', 'pg_catalog')
2025-04-10 04:56:53,718 [INFO] SELECT pg_catalog.pg_class.relname 
FROM pg_catalog.pg_class JOIN pg_catalog.pg_namespace ON pg_catalog.pg_namespace.oid = pg_catalog.pg_class.relnamespace 
WHERE pg_catalog.pg_class.relname = $1::VARCHAR AND pg_catalog.pg_class.relkind = ANY (ARRAY[$2::VARCHAR, $3::VARCHAR, $4::VARCHAR, $5::VARCHAR, $6::VARCHAR]) AND pg_catalog.pg_table_is_visible(pg_catalog.pg_class.oid) AND pg_catalog.pg_namespace.nspname != $7::VARCHAR
2025-04-10 04:56:53,718 [INFO] [cached since 0.00508s ago] ('order_item', 'r', 'p', 'f', 'v', 'm', 'pg_catalog')
2025-04-10 04:56:53,719 [INFO] COMMIT
2025-04-10 04:56:53,719 [INFO] BEGIN (implicit)
2025-04-10 04:56:53,731 [INFO] SELECT category.id, category.name, category.created, category.updated 
FROM category
2025-04-10 04:56:53,731 [INFO] [generated in 0.00019s] ()
2025-04-10 04:56:53,733 [INFO] SELECT banner.id, banner.name, banner.image, banner.description, banner.created, banner.updated 
FROM banner
2025-04-10 04:56:53,733 [INFO] [generated in 0.00012s] ()
2025-04-10 04:56:53,734 [INFO] ROLLBACK
2025-04-10 04:56:53,734 [INFO] Start polling
2025-04-10 04:56:53,847 [INFO] Run polling for bot @sultanshop20_bot id=7443088052 - 'Sultan shop'
2025-04-10 04:57:00,813 [INFO] BEGIN (implicit)
2025-04-10 04:57:00,815 [INFO] SELECT product.id, product.name, product.description, product.price, product.image, product.category_id, product.seller_id, product.quantity, product.created, product.updated 
FROM product 
WHERE product.id = $1::INTEGER
2025-04-10 04:57:00,815 [INFO] [generated in 0.00013s] (3,)
2025-04-10 04:57:00,817 [INFO] SELECT category.id AS category_id, category.name AS category_name, category.created AS category_created, category.updated AS category_updated 
FROM category 
WHERE category.id IN ($1::INTEGER)
2025-04-10 04:57:00,817 [INFO] [generated in 0.00015s] (7,)
2025-04-10 04:57:01,359 [INFO] ROLLBACK
2025-04-10 04:57:01,360 [INFO] Update id=734890016 is handled. Duration 547 ms by bot id=7443088052
2025-04-10 04:57:05,897 [INFO] Update id=734890017 is handled. Duration 128 ms by bot id=7443088052
2025-04-10 04:57:07,201 [INFO] BEGIN (implicit)
2025-04-10 04:57:07,201 [INFO] SELECT category.id, category.name, category.created, category.updated 
FROM category
2025-04-10 04:57:07,201 [INFO] [cached since 13.47s ago] ()
2025-04-10 04:57:07,483 [INFO] ROLLBACK
2025-04-10 04:57:07,483 [INFO] Update id=734890018 is handled. Duration 283 ms by bot id=7443088052
2025-04-10 04:57:09,438 [INFO] BEGIN (implicit)
2025-04-10 04:57:09,439 [INFO] SELECT sellers.id, sellers.name, sellers.description, sellers.phone, sellers.address, sellers.created, sellers.updated 
FROM sellers
2025-04-10 04:57:09,439 [INFO] [generated in 0.00014s] ()
2025-04-10 04:57:09,564 [INFO] ROLLBACK
2025-04-10 04:57:09,564 [INFO] Update id=734890019 is handled. Duration 127 ms by bot id=7443088052
2025-04-10 04:57:11,105 [INFO] BEGIN (implicit)
2025-04-10 04:57:11,105 [INFO] SELECT sellers.id, sellers.name, sellers.description, sellers.phone, sellers.address, sellers.created, sellers.updated 
FROM sellers
2025-04-10 04:57:11,105 [INFO] [cached since 1.667s ago] ()
2025-04-10 04:57:11,344 [INFO] ROLLBACK
2025-04-10 04:57:11,344 [INFO] Update id=734890020 is handled. Duration 240 ms by bot id=7443088052
2025-04-10 04:57:14,718 [INFO] Update id=734890021 is handled. Duration 115 ms by bot id=7443088052
2025-04-10 04:57:16,424 [INFO] Update id=734890022 is handled. Duration 110 ms by bot id=7443088052
2025-04-10 04:57:18,433 [INFO] Update id=734890023 is handled. Duration 182 ms by bot id=7443088052
2025-04-10 05:02:13,439 [INFO] Приложение запущено
2025-04-10 05:02:13,445 [DEBUG] Using selector: EpollSelector
2025-04-10 05:02:13,820 [INFO] select pg_catalog.version()
2025-04-10 05:02:13,820 [INFO] [raw sql] ()
2025-04-10 05:02:13,821 [INFO] select current_schema()
2025-04-10 05:02:13,821 [INFO] [raw sql] ()
2025-04-10 05:02:13,822 [INFO] show standard_conforming_strings
2025-04-10 05:02:13,822 [INFO] [raw sql] ()
2025-04-10 05:02:13,822 [INFO] BEGIN (implicit)
2025-04-10 05:02:13,825 [INFO] SELECT pg_catalog.pg_class.relname 
FROM pg_catalog.pg_class JOIN pg_catalog.pg_namespace ON pg_catalog.pg_namespace.oid = pg_catalog.pg_class.relnamespace 
WHERE pg_catalog.pg_class.relname = $1::VARCHAR AND pg_catalog.pg_class.relkind = ANY (ARRAY[$2::VARCHAR, $3::VARCHAR, $4::VARCHAR, $5::VARCHAR, $6::VARCHAR]) AND pg_catalog.pg_table_is_visible(pg_catalog.pg_class.oid) AND pg_catalog.pg_namespace.nspname != $7::VARCHAR
2025-04-10 05:02:13,825 [INFO] [generated in 0.00015s] ('banner', 'r', 'p', 'f', 'v', 'm', 'pg_catalog')
2025-04-10 05:02:13,827 [INFO] SELECT pg_catalog.pg_class.relname 
FROM pg_catalog.pg_class JOIN pg_catalog.pg_namespace ON pg_catalog.pg_namespace.oid = pg_catalog.pg_class.relnamespace 
WHERE pg_catalog.pg_class.relname = $1::VARCHAR AND pg_catalog.pg_class.relkind = ANY (ARRAY[$2::VARCHAR, $3::VARCHAR, $4::VARCHAR, $5::VARCHAR, $6::VARCHAR]) AND pg_catalog.pg_table_is_visible(pg_catalog.pg_class.oid) AND pg_catalog.pg_namespace.nspname != $7::VARCHAR
2025-04-10 05:02:13,827 [INFO] [cached since 0.002276s ago] ('category', 'r', 'p', 'f', 'v', 'm', 'pg_catalog')
2025-04-10 05:02:13,827 [INFO] SELECT pg_catalog.pg_class.relname 
FROM pg_catalog.pg_class JOIN pg_catalog.pg_namespace ON pg_catalog.pg_namespace.oid = pg_catalog.pg_class.relnamespace 
WHERE pg_catalog.pg_class.relname = $1::VARCHAR AND pg_catalog.pg_class.relkind = ANY (ARRAY[$2::VARCHAR, $3::VARCHAR, $4::VARCHAR, $5::VARCHAR, $6::VARCHAR]) AND pg_catalog.pg_table_is_visible(pg_catalog.pg_class.oid) AND pg_catalog.pg_namespace.nspname != $7::VARCHAR
2025-04-10 05:02:13,827 [INFO] [cached since 0.002889s ago] ('product', 'r', 'p', 'f', 'v', 'm', 'pg_catalog')
2025-04-10 05:02:13,828 [INFO] SELECT pg_catalog.pg_class.relname 
FROM pg_catalog.pg_class JOIN pg_catalog.pg_namespace ON pg_catalog.pg_namespace.oid = pg_catalog.pg_class.relnamespace 
WHERE pg_catalog.pg_class.relname = $1::VARCHAR AND pg_catalog.pg_class.relkind = ANY (ARRAY[$2::VARCHAR, $3::VARCHAR, $4::VARCHAR, $5::VARCHAR, $6::VARCHAR]) AND pg_catalog.pg_table_is_visible(pg_catalog.pg_class.oid) AND pg_catalog.pg_namespace.nspname != $7::VARCHAR
2025-04-10 05:02:13,828 [INFO] [cached since 0.00336s ago] ('users', 'r', 'p', 'f', 'v', 'm', 'pg_catalog')
2025-04-10 05:02:13,828 [INFO] SELECT pg_catalog.pg_class.relname 
FROM pg_catalog.pg_class JOIN pg_catalog.pg_namespace ON pg_catalog.pg_namespace.oid = pg_catalog.pg_class.relnamespace 
WHERE pg_catalog.pg_class.relname = $1::VARCHAR AND pg_catalog.pg_class.relkind = ANY (ARRAY[$2::VARCHAR, $3::VARCHAR, $4::VARCHAR, $5::VARCHAR, $6::VARCHAR]) AND pg_catalog.pg_table_is_visible(pg_catalog.pg_class.oid) AND pg_catalog.pg_namespace.nspname != $7::VARCHAR
2025-04-10 05:02:13,828 [INFO] [cached since 0.003757s ago] ('sellers', 'r', 'p', 'f', 'v', 'm', 'pg_catalog')
2025-04-10 05:02:13,829 [INFO] SELECT pg_catalog.pg_class.relname 
FROM pg_catalog.pg_class JOIN pg_catalog.pg_namespace ON pg_catalog.pg_namespace.oid = pg_catalog.pg_class.relnamespace 
WHERE pg_catalog.pg_class.relname = $1::VARCHAR AND pg_catalog.pg_class.relkind = ANY (ARRAY[$2::VARCHAR, $3::VARCHAR, $4::VARCHAR, $5::VARCHAR, $6::VARCHAR]) AND pg_catalog.pg_table_is_visible(pg_catalog.pg_class.oid) AND pg_catalog.pg_namespace.nspname != $7::VARCHAR
2025-04-10 05:02:13,829 [INFO] [cached since 0.004135s ago] ('cart', 'r', 'p', 'f', 'v', 'm', 'pg_catalog')
2025-04-10 05:02:13,829 [INFO] SELECT pg_catalog.pg_class.relname 
FROM pg_catalog.pg_class JOIN pg_catalog.pg_namespace ON pg_catalog.pg_namespace.oid = pg_catalog.pg_class.relnamespace 
WHERE pg_catalog.pg_class.relname = $1::VARCHAR AND pg_catalog.pg_class.relkind = ANY (ARRAY[$2::VARCHAR, $3::VARCHAR, $4::VARCHAR, $5::VARCHAR, $6::VARCHAR]) AND pg_catalog.pg_table_is_visible(pg_catalog.pg_class.oid) AND pg_catalog.pg_namespace.nspname != $7::VARCHAR
2025-04-10 05:02:13,829 [INFO] [cached since 0.004523s ago] ('order', 'r', 'p', 'f', 'v', 'm', 'pg_catalog')
2025-04-10 05:02:13,829 [INFO] SELECT pg_catalog.pg_class.relname 
FROM pg_catalog.pg_class JOIN pg_catalog.pg_namespace ON pg_catalog.pg_namespace.oid = pg_catalog.pg_class.relnamespace 
WHERE pg_catalog.pg_class.relname = $1::VARCHAR AND pg_catalog.pg_class.relkind = ANY (ARRAY[$2::VARCHAR, $3::VARCHAR, $4::VARCHAR, $5::VARCHAR, $6::VARCHAR]) AND pg_catalog.pg_table_is_visible(pg_catalog.pg_class.oid) AND pg_catalog.pg_namespace.nspname != $7::VARCHAR
2025-04-10 05:02:13,829 [INFO] [cached since 0.004833s ago] ('order_item', 'r', 'p', 'f', 'v', 'm', 'pg_catalog')
2025-04-10 05:02:13,830 [INFO] COMMIT
2025-04-10 05:02:13,830 [INFO] BEGIN (implicit)
2025-04-10 05:02:13,846 [INFO] SELECT category.id, category.name, category.created, category.updated 
FROM category
2025-04-10 05:02:13,846 [INFO] [generated in 0.00047s] ()
2025-04-10 05:02:13,848 [INFO] SELECT banner.id, banner.name, banner.image, banner.description, banner.created, banner.updated 
FROM banner
2025-04-10 05:02:13,848 [INFO] [generated in 0.00011s] ()
2025-04-10 05:02:13,849 [INFO] ROLLBACK
2025-04-10 05:02:13,849 [INFO] Start polling
2025-04-10 05:02:13,954 [INFO] Run polling for bot @sultanshop20_bot id=7443088052 - 'Sultan shop'
2025-04-10 05:02:23,377 [INFO] BEGIN (implicit)
2025-04-10 05:02:23,379 [INFO] SELECT product.id, product.name, product.description, product.price, product.image, product.category_id, product.seller_id, product.quantity, product.created, product.updated 
FROM product 
WHERE product.id = $1::INTEGER
2025-04-10 05:02:23,379 [INFO] [generated in 0.00013s] (3,)
2025-04-10 05:02:23,381 [INFO] SELECT category.id AS category_id, category.name AS category_name, category.created AS category_created, category.updated AS category_updated 
FROM category 
WHERE category.id IN ($1::INTEGER)
2025-04-10 05:02:23,381 [INFO] [generated in 0.00014s] (7,)
2025-04-10 05:02:23,821 [INFO] ROLLBACK
2025-04-10 05:02:23,821 [INFO] Update id=734890024 is handled. Duration 445 ms by bot id=7443088052
2025-04-10 05:02:28,802 [INFO] Update id=734890025 is handled. Duration 124 ms by bot id=7443088052
2025-04-10 05:02:30,552 [INFO] BEGIN (implicit)
2025-04-10 05:02:30,552 [INFO] SELECT category.id, category.name, category.created, category.updated 
FROM category
2025-04-10 05:02:30,553 [INFO] [cached since 16.71s ago] ()
2025-04-10 05:02:30,682 [INFO] ROLLBACK
2025-04-10 05:02:30,682 [INFO] Update id=734890026 is handled. Duration 131 ms by bot id=7443088052
2025-04-10 05:02:32,955 [INFO] BEGIN (implicit)
2025-04-10 05:02:32,955 [INFO] SELECT sellers.id, sellers.name, sellers.description, sellers.phone, sellers.address, sellers.created, sellers.updated 
FROM sellers
2025-04-10 05:02:32,956 [INFO] [generated in 0.00011s] ()
2025-04-10 05:02:33,088 [INFO] ROLLBACK
2025-04-10 05:02:33,089 [INFO] Update id=734890027 is handled. Duration 135 ms by bot id=7443088052
2025-04-10 05:02:34,695 [INFO] BEGIN (implicit)
2025-04-10 05:02:34,695 [INFO] SELECT sellers.id, sellers.name, sellers.description, sellers.phone, sellers.address, sellers.created, sellers.updated 
FROM sellers
2025-04-10 05:02:34,695 [INFO] [cached since 1.74s ago] ()
2025-04-10 05:02:34,938 [INFO] ROLLBACK
2025-04-10 05:02:34,939 [INFO] Update id=734890028 is handled. Duration 244 ms by bot id=7443088052
2025-04-10 05:02:37,423 [INFO] Update id=734890029 is handled. Duration 119 ms by bot id=7443088052
2025-04-10 05:02:42,280 [INFO] Update id=734890030 is handled. Duration 137 ms by bot id=7443088052
2025-04-10 05:02:44,154 [INFO] Данные для обновления/добавления товара: {'name': 'Товар', 'description': 'Какой то товар', 'category': <database.models.Category object at 0x7c088925ebe0>, 'seller': 1, 'quantity': 1, 'price': Decimal('34.00'), 'image': 'AgACAgIAAxkBAAICgGfvysxMujPU-rCVRsw5CJ7ei_PEAAKt7zEbyJWASxYyCn0T89c_AQADAgADeQADNgQ'}
2025-04-10 05:02:44,154 [INFO] Обновляем товар с ID 3 данными: {'name': 'Товар', 'description': 'Какой то товар', 'category': <database.models.Category object at 0x7c088925ebe0>, 'seller': 1, 'quantity': 1, 'price': Decimal('34.00'), 'image': 'AgACAgIAAxkBAAICgGfvysxMujPU-rCVRsw5CJ7ei_PEAAKt7zEbyJWASxYyCn0T89c_AQADAgADeQADNgQ'}
2025-04-10 05:02:44,154 [ERROR] Ошибка при обновлении/добавлении товара: int() argument must be a string, a bytes-like object or a real number, not 'Category'
2025-04-10 05:02:44,295 [INFO] Update id=734890031 is handled. Duration 142 ms by bot id=7443088052
2025-04-10 05:04:28,840 [INFO] Приложение запущено
2025-04-10 05:04:28,956 [DEBUG] Using selector: EpollSelector
2025-04-10 05:04:29,568 [INFO] select pg_catalog.version()
2025-04-10 05:04:29,569 [INFO] [raw sql] ()
2025-04-10 05:04:29,569 [INFO] select current_schema()
2025-04-10 05:04:29,569 [INFO] [raw sql] ()
2025-04-10 05:04:29,570 [INFO] show standard_conforming_strings
2025-04-10 05:04:29,570 [INFO] [raw sql] ()
2025-04-10 05:04:29,571 [INFO] BEGIN (implicit)
2025-04-10 05:04:29,573 [INFO] SELECT pg_catalog.pg_class.relname 
FROM pg_catalog.pg_class JOIN pg_catalog.pg_namespace ON pg_catalog.pg_namespace.oid = pg_catalog.pg_class.relnamespace 
WHERE pg_catalog.pg_class.relname = $1::VARCHAR AND pg_catalog.pg_class.relkind = ANY (ARRAY[$2::VARCHAR, $3::VARCHAR, $4::VARCHAR, $5::VARCHAR, $6::VARCHAR]) AND pg_catalog.pg_table_is_visible(pg_catalog.pg_class.oid) AND pg_catalog.pg_namespace.nspname != $7::VARCHAR
2025-04-10 05:04:29,573 [INFO] [generated in 0.00015s] ('banner', 'r', 'p', 'f', 'v', 'm', 'pg_catalog')
2025-04-10 05:04:29,574 [INFO] SELECT pg_catalog.pg_class.relname 
FROM pg_catalog.pg_class JOIN pg_catalog.pg_namespace ON pg_catalog.pg_namespace.oid = pg_catalog.pg_class.relnamespace 
WHERE pg_catalog.pg_class.relname = $1::VARCHAR AND pg_catalog.pg_class.relkind = ANY (ARRAY[$2::VARCHAR, $3::VARCHAR, $4::VARCHAR, $5::VARCHAR, $6::VARCHAR]) AND pg_catalog.pg_table_is_visible(pg_catalog.pg_class.oid) AND pg_catalog.pg_namespace.nspname != $7::VARCHAR
2025-04-10 05:04:29,574 [INFO] [cached since 0.001654s ago] ('category', 'r', 'p', 'f', 'v', 'm', 'pg_catalog')
2025-04-10 05:04:29,575 [INFO] SELECT pg_catalog.pg_class.relname 
FROM pg_catalog.pg_class JOIN pg_catalog.pg_namespace ON pg_catalog.pg_namespace.oid = pg_catalog.pg_class.relnamespace 
WHERE pg_catalog.pg_class.relname = $1::VARCHAR AND pg_catalog.pg_class.relkind = ANY (ARRAY[$2::VARCHAR, $3::VARCHAR, $4::VARCHAR, $5::VARCHAR, $6::VARCHAR]) AND pg_catalog.pg_table_is_visible(pg_catalog.pg_class.oid) AND pg_catalog.pg_namespace.nspname != $7::VARCHAR
2025-04-10 05:04:29,575 [INFO] [cached since 0.002112s ago] ('product', 'r', 'p', 'f', 'v', 'm', 'pg_catalog')
2025-04-10 05:04:29,575 [INFO] SELECT pg_catalog.pg_class.relname 
FROM pg_catalog.pg_class JOIN pg_catalog.pg_namespace ON pg_catalog.pg_namespace.oid = pg_catalog.pg_class.relnamespace 
WHERE pg_catalog.pg_class.relname = $1::VARCHAR AND pg_catalog.pg_class.relkind = ANY (ARRAY[$2::VARCHAR, $3::VARCHAR, $4::VARCHAR, $5::VARCHAR, $6::VARCHAR]) AND pg_catalog.pg_table_is_visible(pg_catalog.pg_class.oid) AND pg_catalog.pg_namespace.nspname != $7::VARCHAR
2025-04-10 05:04:29,575 [INFO] [cached since 0.002515s ago] ('users', 'r', 'p', 'f', 'v', 'm', 'pg_catalog')
2025-04-10 05:04:29,576 [INFO] SELECT pg_catalog.pg_class.relname 
FROM pg_catalog.pg_class JOIN pg_catalog.pg_namespace ON pg_catalog.pg_namespace.oid = pg_catalog.pg_class.relnamespace 
WHERE pg_catalog.pg_class.relname = $1::VARCHAR AND pg_catalog.pg_class.relkind = ANY (ARRAY[$2::VARCHAR, $3::VARCHAR, $4::VARCHAR, $5::VARCHAR, $6::VARCHAR]) AND pg_catalog.pg_table_is_visible(pg_catalog.pg_class.oid) AND pg_catalog.pg_namespace.nspname != $7::VARCHAR
2025-04-10 05:04:29,576 [INFO] [cached since 0.002889s ago] ('sellers', 'r', 'p', 'f', 'v', 'm', 'pg_catalog')
2025-04-10 05:04:29,576 [INFO] SELECT pg_catalog.pg_class.relname 
FROM pg_catalog.pg_class JOIN pg_catalog.pg_namespace ON pg_catalog.pg_namespace.oid = pg_catalog.pg_class.relnamespace 
WHERE pg_catalog.pg_class.relname = $1::VARCHAR AND pg_catalog.pg_class.relkind = ANY (ARRAY[$2::VARCHAR, $3::VARCHAR, $4::VARCHAR, $5::VARCHAR, $6::VARCHAR]) AND pg_catalog.pg_table_is_visible(pg_catalog.pg_class.oid) AND pg_catalog.pg_namespace.nspname != $7::VARCHAR
2025-04-10 05:04:29,576 [INFO] [cached since 0.003259s ago] ('cart', 'r', 'p', 'f', 'v', 'm', 'pg_catalog')
2025-04-10 05:04:29,576 [INFO] SELECT pg_catalog.pg_class.relname 
FROM pg_catalog.pg_class JOIN pg_catalog.pg_namespace ON pg_catalog.pg_namespace.oid = pg_catalog.pg_class.relnamespace 
WHERE pg_catalog.pg_class.relname = $1::VARCHAR AND pg_catalog.pg_class.relkind = ANY (ARRAY[$2::VARCHAR, $3::VARCHAR, $4::VARCHAR, $5::VARCHAR, $6::VARCHAR]) AND pg_catalog.pg_table_is_visible(pg_catalog.pg_class.oid) AND pg_catalog.pg_namespace.nspname != $7::VARCHAR
2025-04-10 05:04:29,576 [INFO] [cached since 0.00361s ago] ('order', 'r', 'p', 'f', 'v', 'm', 'pg_catalog')
2025-04-10 05:04:29,577 [INFO] SELECT pg_catalog.pg_class.relname 
FROM pg_catalog.pg_class JOIN pg_catalog.pg_namespace ON pg_catalog.pg_namespace.oid = pg_catalog.pg_class.relnamespace 
WHERE pg_catalog.pg_class.relname = $1::VARCHAR AND pg_catalog.pg_class.relkind = ANY (ARRAY[$2::VARCHAR, $3::VARCHAR, $4::VARCHAR, $5::VARCHAR, $6::VARCHAR]) AND pg_catalog.pg_table_is_visible(pg_catalog.pg_class.oid) AND pg_catalog.pg_namespace.nspname != $7::VARCHAR
2025-04-10 05:04:29,577 [INFO] [cached since 0.003897s ago] ('order_item', 'r', 'p', 'f', 'v', 'm', 'pg_catalog')
2025-04-10 05:04:29,577 [INFO] COMMIT
2025-04-10 05:04:29,577 [INFO] BEGIN (implicit)
2025-04-10 05:04:29,590 [INFO] SELECT category.id, category.name, category.created, category.updated 
FROM category
2025-04-10 05:04:29,591 [INFO] [generated in 0.00019s] ()
2025-04-10 05:04:29,593 [INFO] SELECT banner.id, banner.name, banner.image, banner.description, banner.created, banner.updated 
FROM banner
2025-04-10 05:04:29,593 [INFO] [generated in 0.00023s] ()
2025-04-10 05:04:29,594 [INFO] ROLLBACK
2025-04-10 05:04:29,594 [INFO] Start polling
2025-04-10 05:04:29,706 [INFO] Run polling for bot @sultanshop20_bot id=7443088052 - 'Sultan shop'
2025-04-10 05:04:45,369 [INFO] Update id=734890032 is handled. Duration 427 ms by bot id=7443088052
2025-04-10 05:04:47,588 [INFO] BEGIN (implicit)
2025-04-10 05:04:47,588 [INFO] SELECT category.id, category.name, category.created, category.updated 
FROM category
2025-04-10 05:04:47,588 [INFO] [cached since 18s ago] ()
2025-04-10 05:04:47,805 [INFO] ROLLBACK
2025-04-10 05:04:47,805 [INFO] Update id=734890033 is handled. Duration 218 ms by bot id=7443088052
2025-04-10 05:04:48,838 [INFO] BEGIN (implicit)
2025-04-10 05:04:48,840 [INFO] SELECT product.id, product.name, product.description, product.price, product.image, product.category_id, product.seller_id, product.quantity, product.created, product.updated 
FROM product 
WHERE product.category_id = $1::INTEGER
2025-04-10 05:04:48,841 [INFO] [generated in 0.00014s] (7,)
2025-04-10 05:04:48,843 [INFO] SELECT category.id AS category_id, category.name AS category_name, category.created AS category_created, category.updated AS category_updated 
FROM category 
WHERE category.id IN ($1::INTEGER)
2025-04-10 05:04:48,843 [INFO] [generated in 0.00016s] (7,)
2025-04-10 05:04:49,241 [INFO] ROLLBACK
2025-04-10 05:04:49,241 [INFO] Update id=734890034 is handled. Duration 404 ms by bot id=7443088052
2025-04-10 05:04:52,590 [INFO] BEGIN (implicit)
2025-04-10 05:04:52,591 [INFO] SELECT product.id, product.name, product.description, product.price, product.image, product.category_id, product.seller_id, product.quantity, product.created, product.updated 
FROM product 
WHERE product.id = $1::INTEGER
2025-04-10 05:04:52,591 [INFO] [generated in 0.00015s] (3,)
2025-04-10 05:04:52,593 [INFO] SELECT category.id AS category_id, category.name AS category_name, category.created AS category_created, category.updated AS category_updated 
FROM category 
WHERE category.id IN ($1::INTEGER)
2025-04-10 05:04:52,593 [INFO] [generated in 0.00016s] (7,)
2025-04-10 05:04:52,838 [INFO] ROLLBACK
2025-04-10 05:04:52,838 [INFO] Update id=734890035 is handled. Duration 249 ms by bot id=7443088052
2025-04-10 05:04:56,031 [INFO] Update id=734890036 is handled. Duration 115 ms by bot id=7443088052
2025-04-10 05:04:57,203 [INFO] BEGIN (implicit)
2025-04-10 05:04:57,203 [INFO] SELECT category.id, category.name, category.created, category.updated 
FROM category
2025-04-10 05:04:57,203 [INFO] [cached since 27.61s ago] ()
2025-04-10 05:04:57,382 [INFO] ROLLBACK
2025-04-10 05:04:57,383 [INFO] Update id=734890037 is handled. Duration 180 ms by bot id=7443088052
2025-04-10 05:04:59,473 [INFO] BEGIN (implicit)
2025-04-10 05:04:59,474 [INFO] SELECT sellers.id, sellers.name, sellers.description, sellers.phone, sellers.address, sellers.created, sellers.updated 
FROM sellers
2025-04-10 05:04:59,474 [INFO] [generated in 0.00012s] ()
2025-04-10 05:04:59,633 [INFO] ROLLBACK
2025-04-10 05:04:59,634 [INFO] Update id=734890038 is handled. Duration 161 ms by bot id=7443088052
2025-04-10 05:05:01,199 [INFO] BEGIN (implicit)
2025-04-10 05:05:01,199 [INFO] SELECT sellers.id, sellers.name, sellers.description, sellers.phone, sellers.address, sellers.created, sellers.updated 
FROM sellers
2025-04-10 05:05:01,199 [INFO] [cached since 1.725s ago] ()
2025-04-10 05:05:01,435 [INFO] ROLLBACK
2025-04-10 05:05:01,435 [INFO] Update id=734890039 is handled. Duration 237 ms by bot id=7443088052
2025-04-10 05:05:04,630 [INFO] Update id=734890040 is handled. Duration 134 ms by bot id=7443088052
2025-04-10 05:05:07,390 [INFO] Update id=734890041 is handled. Duration 112 ms by bot id=7443088052
2025-04-10 05:05:09,027 [INFO] Данные для обновления/добавления товара: {'name': 'Товар', 'description': 'Какой то товар', 'category': <database.models.Category object at 0x79a767d14d10>, 'seller': 1, 'quantity': 1, 'price': Decimal('34.00'), 'image': 'AgACAgIAAxkBAAICgGfvysxMujPU-rCVRsw5CJ7ei_PEAAKt7zEbyJWASxYyCn0T89c_AQADAgADeQADNgQ'}
2025-04-10 05:05:09,027 [INFO] Обновляем товар с ID 3 данными: {'name': 'Товар', 'description': 'Какой то товар', 'category': <database.models.Category object at 0x79a767d14d10>, 'seller': 1, 'quantity': 1, 'price': Decimal('34.00'), 'image': 'AgACAgIAAxkBAAICgGfvysxMujPU-rCVRsw5CJ7ei_PEAAKt7zEbyJWASxYyCn0T89c_AQADAgADeQADNgQ'}
2025-04-10 05:05:09,027 [ERROR] Ошибка при обновлении/добавлении товара: int() argument must be a string, a bytes-like object or a real number, not 'Category'
2025-04-10 05:05:09,183 [INFO] Update id=734890042 is handled. Duration 157 ms by bot id=7443088052
2025-04-10 05:28:05,019 [INFO] Приложение запущено
2025-04-10 05:28:05,024 [DEBUG] Using selector: EpollSelector
2025-04-10 05:28:05,409 [INFO] select pg_catalog.version()
2025-04-10 05:28:05,410 [INFO] [raw sql] ()
2025-04-10 05:28:05,410 [INFO] select current_schema()
2025-04-10 05:28:05,411 [INFO] [raw sql] ()
2025-04-10 05:28:05,411 [INFO] show standard_conforming_strings
2025-04-10 05:28:05,411 [INFO] [raw sql] ()
2025-04-10 05:28:05,412 [INFO] BEGIN (implicit)
2025-04-10 05:28:05,414 [INFO] SELECT pg_catalog.pg_class.relname 
FROM pg_catalog.pg_class JOIN pg_catalog.pg_namespace ON pg_catalog.pg_namespace.oid = pg_catalog.pg_class.relnamespace 
WHERE pg_catalog.pg_class.relname = $1::VARCHAR AND pg_catalog.pg_class.relkind = ANY (ARRAY[$2::VARCHAR, $3::VARCHAR, $4::VARCHAR, $5::VARCHAR, $6::VARCHAR]) AND pg_catalog.pg_table_is_visible(pg_catalog.pg_class.oid) AND pg_catalog.pg_namespace.nspname != $7::VARCHAR
2025-04-10 05:28:05,414 [INFO] [generated in 0.00017s] ('banner', 'r', 'p', 'f', 'v', 'm', 'pg_catalog')
2025-04-10 05:28:05,416 [INFO] SELECT pg_catalog.pg_class.relname 
FROM pg_catalog.pg_class JOIN pg_catalog.pg_namespace ON pg_catalog.pg_namespace.oid = pg_catalog.pg_class.relnamespace 
WHERE pg_catalog.pg_class.relname = $1::VARCHAR AND pg_catalog.pg_class.relkind = ANY (ARRAY[$2::VARCHAR, $3::VARCHAR, $4::VARCHAR, $5::VARCHAR, $6::VARCHAR]) AND pg_catalog.pg_table_is_visible(pg_catalog.pg_class.oid) AND pg_catalog.pg_namespace.nspname != $7::VARCHAR
2025-04-10 05:28:05,416 [INFO] [cached since 0.002343s ago] ('category', 'r', 'p', 'f', 'v', 'm', 'pg_catalog')
2025-04-10 05:28:05,417 [INFO] SELECT pg_catalog.pg_class.relname 
FROM pg_catalog.pg_class JOIN pg_catalog.pg_namespace ON pg_catalog.pg_namespace.oid = pg_catalog.pg_class.relnamespace 
WHERE pg_catalog.pg_class.relname = $1::VARCHAR AND pg_catalog.pg_class.relkind = ANY (ARRAY[$2::VARCHAR, $3::VARCHAR, $4::VARCHAR, $5::VARCHAR, $6::VARCHAR]) AND pg_catalog.pg_table_is_visible(pg_catalog.pg_class.oid) AND pg_catalog.pg_namespace.nspname != $7::VARCHAR
2025-04-10 05:28:05,417 [INFO] [cached since 0.002911s ago] ('product', 'r', 'p', 'f', 'v', 'm', 'pg_catalog')
2025-04-10 05:28:05,417 [INFO] SELECT pg_catalog.pg_class.relname 
FROM pg_catalog.pg_class JOIN pg_catalog.pg_namespace ON pg_catalog.pg_namespace.oid = pg_catalog.pg_class.relnamespace 
WHERE pg_catalog.pg_class.relname = $1::VARCHAR AND pg_catalog.pg_class.relkind = ANY (ARRAY[$2::VARCHAR, $3::VARCHAR, $4::VARCHAR, $5::VARCHAR, $6::VARCHAR]) AND pg_catalog.pg_table_is_visible(pg_catalog.pg_class.oid) AND pg_catalog.pg_namespace.nspname != $7::VARCHAR
2025-04-10 05:28:05,417 [INFO] [cached since 0.003361s ago] ('users', 'r', 'p', 'f', 'v', 'm', 'pg_catalog')
2025-04-10 05:28:05,417 [INFO] SELECT pg_catalog.pg_class.relname 
FROM pg_catalog.pg_class JOIN pg_catalog.pg_namespace ON pg_catalog.pg_namespace.oid = pg_catalog.pg_class.relnamespace 
WHERE pg_catalog.pg_class.relname = $1::VARCHAR AND pg_catalog.pg_class.relkind = ANY (ARRAY[$2::VARCHAR, $3::VARCHAR, $4::VARCHAR, $5::VARCHAR, $6::VARCHAR]) AND pg_catalog.pg_table_is_visible(pg_catalog.pg_class.oid) AND pg_catalog.pg_namespace.nspname != $7::VARCHAR
2025-04-10 05:28:05,417 [INFO] [cached since 0.003773s ago] ('sellers', 'r', 'p', 'f', 'v', 'm', 'pg_catalog')
2025-04-10 05:28:05,418 [INFO] SELECT pg_catalog.pg_class.relname 
FROM pg_catalog.pg_class JOIN pg_catalog.pg_namespace ON pg_catalog.pg_namespace.oid = pg_catalog.pg_class.relnamespace 
WHERE pg_catalog.pg_class.relname = $1::VARCHAR AND pg_catalog.pg_class.relkind = ANY (ARRAY[$2::VARCHAR, $3::VARCHAR, $4::VARCHAR, $5::VARCHAR, $6::VARCHAR]) AND pg_catalog.pg_table_is_visible(pg_catalog.pg_class.oid) AND pg_catalog.pg_namespace.nspname != $7::VARCHAR
2025-04-10 05:28:05,418 [INFO] [cached since 0.004181s ago] ('cart', 'r', 'p', 'f', 'v', 'm', 'pg_catalog')
2025-04-10 05:28:05,418 [INFO] SELECT pg_catalog.pg_class.relname 
FROM pg_catalog.pg_class JOIN pg_catalog.pg_namespace ON pg_catalog.pg_namespace.oid = pg_catalog.pg_class.relnamespace 
WHERE pg_catalog.pg_class.relname = $1::VARCHAR AND pg_catalog.pg_class.relkind = ANY (ARRAY[$2::VARCHAR, $3::VARCHAR, $4::VARCHAR, $5::VARCHAR, $6::VARCHAR]) AND pg_catalog.pg_table_is_visible(pg_catalog.pg_class.oid) AND pg_catalog.pg_namespace.nspname != $7::VARCHAR
2025-04-10 05:28:05,418 [INFO] [cached since 0.004572s ago] ('order', 'r', 'p', 'f', 'v', 'm', 'pg_catalog')
2025-04-10 05:28:05,418 [INFO] SELECT pg_catalog.pg_class.relname 
FROM pg_catalog.pg_class JOIN pg_catalog.pg_namespace ON pg_catalog.pg_namespace.oid = pg_catalog.pg_class.relnamespace 
WHERE pg_catalog.pg_class.relname = $1::VARCHAR AND pg_catalog.pg_class.relkind = ANY (ARRAY[$2::VARCHAR, $3::VARCHAR, $4::VARCHAR, $5::VARCHAR, $6::VARCHAR]) AND pg_catalog.pg_table_is_visible(pg_catalog.pg_class.oid) AND pg_catalog.pg_namespace.nspname != $7::VARCHAR
2025-04-10 05:28:05,419 [INFO] [cached since 0.004851s ago] ('order_item', 'r', 'p', 'f', 'v', 'm', 'pg_catalog')
2025-04-10 05:28:05,419 [INFO] COMMIT
2025-04-10 05:28:05,419 [INFO] BEGIN (implicit)
2025-04-10 05:28:05,432 [INFO] SELECT category.id, category.name, category.created, category.updated 
FROM category
2025-04-10 05:28:05,432 [INFO] [generated in 0.00018s] ()
2025-04-10 05:28:05,434 [INFO] SELECT banner.id, banner.name, banner.image, banner.description, banner.created, banner.updated 
FROM banner
2025-04-10 05:28:05,434 [INFO] [generated in 0.00014s] ()
2025-04-10 05:28:05,435 [INFO] ROLLBACK
2025-04-10 05:28:05,436 [INFO] Start polling
2025-04-10 05:28:05,537 [INFO] Run polling for bot @sultanshop20_bot id=7443088052 - 'Sultan shop'
2025-04-10 05:28:17,263 [INFO] BEGIN (implicit)
2025-04-10 05:28:17,265 [INFO] SELECT product.id, product.name, product.description, product.price, product.image, product.category_id, product.seller_id, product.quantity, product.created, product.updated 
FROM product 
WHERE product.id = $1::INTEGER
2025-04-10 05:28:17,265 [INFO] [generated in 0.00015s] (3,)
2025-04-10 05:28:17,268 [INFO] SELECT category.id AS category_id, category.name AS category_name, category.created AS category_created, category.updated AS category_updated 
FROM category 
WHERE category.id IN ($1::INTEGER)
2025-04-10 05:28:17,268 [INFO] [generated in 0.00019s] (7,)
2025-04-10 05:28:17,743 [INFO] ROLLBACK
2025-04-10 05:28:17,744 [INFO] Update id=734890043 is handled. Duration 481 ms by bot id=7443088052
2025-04-10 05:28:22,059 [INFO] Update id=734890044 is handled. Duration 168 ms by bot id=7443088052
2025-04-10 05:28:23,033 [INFO] BEGIN (implicit)
2025-04-10 05:28:23,034 [INFO] SELECT category.id, category.name, category.created, category.updated 
FROM category
2025-04-10 05:28:23,034 [INFO] [cached since 17.6s ago] ()
2025-04-10 05:28:23,390 [INFO] ROLLBACK
2025-04-10 05:28:23,391 [INFO] Update id=734890045 is handled. Duration 358 ms by bot id=7443088052
2025-04-10 05:28:25,334 [INFO] BEGIN (implicit)
2025-04-10 05:28:25,335 [INFO] SELECT sellers.id, sellers.name, sellers.description, sellers.phone, sellers.address, sellers.created, sellers.updated 
FROM sellers
2025-04-10 05:28:25,335 [INFO] [generated in 0.00011s] ()
2025-04-10 05:28:25,469 [INFO] ROLLBACK
2025-04-10 05:28:25,469 [INFO] Update id=734890046 is handled. Duration 135 ms by bot id=7443088052
2025-04-10 05:28:26,843 [INFO] BEGIN (implicit)
2025-04-10 05:28:26,843 [INFO] SELECT sellers.id, sellers.name, sellers.description, sellers.phone, sellers.address, sellers.created, sellers.updated 
FROM sellers
2025-04-10 05:28:26,843 [INFO] [cached since 1.508s ago] ()
2025-04-10 05:28:27,050 [INFO] ROLLBACK
2025-04-10 05:28:27,050 [INFO] Update id=734890047 is handled. Duration 207 ms by bot id=7443088052
2025-04-10 05:28:29,283 [INFO] Update id=734890048 is handled. Duration 139 ms by bot id=7443088052
2025-04-10 05:28:32,156 [INFO] Update id=734890049 is handled. Duration 107 ms by bot id=7443088052
2025-04-10 05:28:33,494 [INFO] Update id=734890050 is not handled. Duration 1 ms by bot id=7443088052
2025-04-10 05:28:33,495 [ERROR] Cause exception while process update id=734890050 by bot id=7443088052
NameError: name 'Category' is not defined
Traceback (most recent call last):
  File "/home/ilmir/dev_code/sultanshop_tg_bot/venv/lib/python3.13/site-packages/aiogram/dispatcher/dispatcher.py", line 309, in _process_update
    response = await self.feed_update(bot, update, **kwargs)
               ^^^^^^^^^^^^^^^^^^^^^^^^^^^^^^^^^^^^^^^^^^^^^
  File "/home/ilmir/dev_code/sultanshop_tg_bot/venv/lib/python3.13/site-packages/aiogram/dispatcher/dispatcher.py", line 158, in feed_update
    response = await self.update.wrap_outer_middleware(
               ^^^^^^^^^^^^^^^^^^^^^^^^^^^^^^^^^^^^^^^^
    ...<7 lines>...
    )
    ^
  File "/home/ilmir/dev_code/sultanshop_tg_bot/venv/lib/python3.13/site-packages/aiogram/dispatcher/middlewares/error.py", line 25, in __call__
    return await handler(event, data)
           ^^^^^^^^^^^^^^^^^^^^^^^^^^
  File "/home/ilmir/dev_code/sultanshop_tg_bot/venv/lib/python3.13/site-packages/aiogram/dispatcher/middlewares/user_context.py", line 56, in __call__
    return await handler(event, data)
           ^^^^^^^^^^^^^^^^^^^^^^^^^^
  File "/home/ilmir/dev_code/sultanshop_tg_bot/venv/lib/python3.13/site-packages/aiogram/fsm/middleware.py", line 42, in __call__
    return await handler(event, data)
           ^^^^^^^^^^^^^^^^^^^^^^^^^^
  File "/home/ilmir/dev_code/sultanshop_tg_bot/venv/lib/python3.13/site-packages/aiogram/dispatcher/event/telegram.py", line 121, in trigger
    return await wrapped_inner(event, kwargs)
           ^^^^^^^^^^^^^^^^^^^^^^^^^^^^^^^^^^
  File "/home/ilmir/dev_code/sultanshop_tg_bot/middlewares/db.py", line 22, in __call__
    return await handler(event, data)
           ^^^^^^^^^^^^^^^^^^^^^^^^^^
  File "/home/ilmir/dev_code/sultanshop_tg_bot/venv/lib/python3.13/site-packages/aiogram/dispatcher/event/handler.py", line 43, in call
    return await wrapped()
           ^^^^^^^^^^^^^^^
  File "/home/ilmir/dev_code/sultanshop_tg_bot/venv/lib/python3.13/site-packages/aiogram/dispatcher/dispatcher.py", line 276, in _listen_update
    return await self.propagate_event(update_type=update_type, event=event, **kwargs)
           ^^^^^^^^^^^^^^^^^^^^^^^^^^^^^^^^^^^^^^^^^^^^^^^^^^^^^^^^^^^^^^^^^^^^^^^^^^
  File "/home/ilmir/dev_code/sultanshop_tg_bot/venv/lib/python3.13/site-packages/aiogram/dispatcher/router.py", line 146, in propagate_event
    return await observer.wrap_outer_middleware(_wrapped, event=event, data=kwargs)
           ^^^^^^^^^^^^^^^^^^^^^^^^^^^^^^^^^^^^^^^^^^^^^^^^^^^^^^^^^^^^^^^^^^^^^^^^
  File "/home/ilmir/dev_code/sultanshop_tg_bot/venv/lib/python3.13/site-packages/aiogram/dispatcher/router.py", line 141, in _wrapped
    return await self._propagate_event(
           ^^^^^^^^^^^^^^^^^^^^^^^^^^^^
        observer=observer, update_type=update_type, event=telegram_event, **data
        ^^^^^^^^^^^^^^^^^^^^^^^^^^^^^^^^^^^^^^^^^^^^^^^^^^^^^^^^^^^^^^^^^^^^^^^^
    )
    ^
  File "/home/ilmir/dev_code/sultanshop_tg_bot/venv/lib/python3.13/site-packages/aiogram/dispatcher/router.py", line 174, in _propagate_event
    response = await router.propagate_event(update_type=update_type, event=event, **kwargs)
               ^^^^^^^^^^^^^^^^^^^^^^^^^^^^^^^^^^^^^^^^^^^^^^^^^^^^^^^^^^^^^^^^^^^^^^^^^^^^
  File "/home/ilmir/dev_code/sultanshop_tg_bot/venv/lib/python3.13/site-packages/aiogram/dispatcher/router.py", line 146, in propagate_event
    return await observer.wrap_outer_middleware(_wrapped, event=event, data=kwargs)
           ^^^^^^^^^^^^^^^^^^^^^^^^^^^^^^^^^^^^^^^^^^^^^^^^^^^^^^^^^^^^^^^^^^^^^^^^
  File "/home/ilmir/dev_code/sultanshop_tg_bot/venv/lib/python3.13/site-packages/aiogram/dispatcher/router.py", line 141, in _wrapped
    return await self._propagate_event(
           ^^^^^^^^^^^^^^^^^^^^^^^^^^^^
        observer=observer, update_type=update_type, event=telegram_event, **data
        ^^^^^^^^^^^^^^^^^^^^^^^^^^^^^^^^^^^^^^^^^^^^^^^^^^^^^^^^^^^^^^^^^^^^^^^^
    )
    ^
  File "/home/ilmir/dev_code/sultanshop_tg_bot/venv/lib/python3.13/site-packages/aiogram/dispatcher/router.py", line 166, in _propagate_event
    response = await observer.trigger(event, **kwargs)
               ^^^^^^^^^^^^^^^^^^^^^^^^^^^^^^^^^^^^^^^
  File "/home/ilmir/dev_code/sultanshop_tg_bot/venv/lib/python3.13/site-packages/aiogram/dispatcher/event/telegram.py", line 121, in trigger
    return await wrapped_inner(event, kwargs)
           ^^^^^^^^^^^^^^^^^^^^^^^^^^^^^^^^^^
  File "/home/ilmir/dev_code/sultanshop_tg_bot/venv/lib/python3.13/site-packages/aiogram/dispatcher/event/handler.py", line 43, in call
    return await wrapped()
           ^^^^^^^^^^^^^^^
  File "/home/ilmir/dev_code/sultanshop_tg_bot/handlers/admin_private.py", line 482, in add_image
    if isinstance(data.get("category"), Category):
                                        ^^^^^^^^
NameError: name 'Category' is not defined. Did you mean: 'category'?
2025-04-10 05:29:04,221 [INFO] Приложение запущено
2025-04-10 05:29:04,227 [DEBUG] Using selector: EpollSelector
2025-04-10 05:29:04,625 [INFO] select pg_catalog.version()
2025-04-10 05:29:04,625 [INFO] [raw sql] ()
2025-04-10 05:29:04,626 [INFO] select current_schema()
2025-04-10 05:29:04,626 [INFO] [raw sql] ()
2025-04-10 05:29:04,627 [INFO] show standard_conforming_strings
2025-04-10 05:29:04,627 [INFO] [raw sql] ()
2025-04-10 05:29:04,627 [INFO] BEGIN (implicit)
2025-04-10 05:29:04,629 [INFO] SELECT pg_catalog.pg_class.relname 
FROM pg_catalog.pg_class JOIN pg_catalog.pg_namespace ON pg_catalog.pg_namespace.oid = pg_catalog.pg_class.relnamespace 
WHERE pg_catalog.pg_class.relname = $1::VARCHAR AND pg_catalog.pg_class.relkind = ANY (ARRAY[$2::VARCHAR, $3::VARCHAR, $4::VARCHAR, $5::VARCHAR, $6::VARCHAR]) AND pg_catalog.pg_table_is_visible(pg_catalog.pg_class.oid) AND pg_catalog.pg_namespace.nspname != $7::VARCHAR
2025-04-10 05:29:04,629 [INFO] [generated in 0.00016s] ('banner', 'r', 'p', 'f', 'v', 'm', 'pg_catalog')
2025-04-10 05:29:04,631 [INFO] SELECT pg_catalog.pg_class.relname 
FROM pg_catalog.pg_class JOIN pg_catalog.pg_namespace ON pg_catalog.pg_namespace.oid = pg_catalog.pg_class.relnamespace 
WHERE pg_catalog.pg_class.relname = $1::VARCHAR AND pg_catalog.pg_class.relkind = ANY (ARRAY[$2::VARCHAR, $3::VARCHAR, $4::VARCHAR, $5::VARCHAR, $6::VARCHAR]) AND pg_catalog.pg_table_is_visible(pg_catalog.pg_class.oid) AND pg_catalog.pg_namespace.nspname != $7::VARCHAR
2025-04-10 05:29:04,631 [INFO] [cached since 0.001711s ago] ('category', 'r', 'p', 'f', 'v', 'm', 'pg_catalog')
2025-04-10 05:29:04,631 [INFO] SELECT pg_catalog.pg_class.relname 
FROM pg_catalog.pg_class JOIN pg_catalog.pg_namespace ON pg_catalog.pg_namespace.oid = pg_catalog.pg_class.relnamespace 
WHERE pg_catalog.pg_class.relname = $1::VARCHAR AND pg_catalog.pg_class.relkind = ANY (ARRAY[$2::VARCHAR, $3::VARCHAR, $4::VARCHAR, $5::VARCHAR, $6::VARCHAR]) AND pg_catalog.pg_table_is_visible(pg_catalog.pg_class.oid) AND pg_catalog.pg_namespace.nspname != $7::VARCHAR
2025-04-10 05:29:04,632 [INFO] [cached since 0.002272s ago] ('product', 'r', 'p', 'f', 'v', 'm', 'pg_catalog')
2025-04-10 05:29:04,632 [INFO] SELECT pg_catalog.pg_class.relname 
FROM pg_catalog.pg_class JOIN pg_catalog.pg_namespace ON pg_catalog.pg_namespace.oid = pg_catalog.pg_class.relnamespace 
WHERE pg_catalog.pg_class.relname = $1::VARCHAR AND pg_catalog.pg_class.relkind = ANY (ARRAY[$2::VARCHAR, $3::VARCHAR, $4::VARCHAR, $5::VARCHAR, $6::VARCHAR]) AND pg_catalog.pg_table_is_visible(pg_catalog.pg_class.oid) AND pg_catalog.pg_namespace.nspname != $7::VARCHAR
2025-04-10 05:29:04,632 [INFO] [cached since 0.002747s ago] ('users', 'r', 'p', 'f', 'v', 'm', 'pg_catalog')
2025-04-10 05:29:04,632 [INFO] SELECT pg_catalog.pg_class.relname 
FROM pg_catalog.pg_class JOIN pg_catalog.pg_namespace ON pg_catalog.pg_namespace.oid = pg_catalog.pg_class.relnamespace 
WHERE pg_catalog.pg_class.relname = $1::VARCHAR AND pg_catalog.pg_class.relkind = ANY (ARRAY[$2::VARCHAR, $3::VARCHAR, $4::VARCHAR, $5::VARCHAR, $6::VARCHAR]) AND pg_catalog.pg_table_is_visible(pg_catalog.pg_class.oid) AND pg_catalog.pg_namespace.nspname != $7::VARCHAR
2025-04-10 05:29:04,633 [INFO] [cached since 0.003276s ago] ('sellers', 'r', 'p', 'f', 'v', 'm', 'pg_catalog')
2025-04-10 05:29:04,633 [INFO] SELECT pg_catalog.pg_class.relname 
FROM pg_catalog.pg_class JOIN pg_catalog.pg_namespace ON pg_catalog.pg_namespace.oid = pg_catalog.pg_class.relnamespace 
WHERE pg_catalog.pg_class.relname = $1::VARCHAR AND pg_catalog.pg_class.relkind = ANY (ARRAY[$2::VARCHAR, $3::VARCHAR, $4::VARCHAR, $5::VARCHAR, $6::VARCHAR]) AND pg_catalog.pg_table_is_visible(pg_catalog.pg_class.oid) AND pg_catalog.pg_namespace.nspname != $7::VARCHAR
2025-04-10 05:29:04,633 [INFO] [cached since 0.003823s ago] ('cart', 'r', 'p', 'f', 'v', 'm', 'pg_catalog')
2025-04-10 05:29:04,634 [INFO] SELECT pg_catalog.pg_class.relname 
FROM pg_catalog.pg_class JOIN pg_catalog.pg_namespace ON pg_catalog.pg_namespace.oid = pg_catalog.pg_class.relnamespace 
WHERE pg_catalog.pg_class.relname = $1::VARCHAR AND pg_catalog.pg_class.relkind = ANY (ARRAY[$2::VARCHAR, $3::VARCHAR, $4::VARCHAR, $5::VARCHAR, $6::VARCHAR]) AND pg_catalog.pg_table_is_visible(pg_catalog.pg_class.oid) AND pg_catalog.pg_namespace.nspname != $7::VARCHAR
2025-04-10 05:29:04,634 [INFO] [cached since 0.004364s ago] ('order', 'r', 'p', 'f', 'v', 'm', 'pg_catalog')
2025-04-10 05:29:04,634 [INFO] SELECT pg_catalog.pg_class.relname 
FROM pg_catalog.pg_class JOIN pg_catalog.pg_namespace ON pg_catalog.pg_namespace.oid = pg_catalog.pg_class.relnamespace 
WHERE pg_catalog.pg_class.relname = $1::VARCHAR AND pg_catalog.pg_class.relkind = ANY (ARRAY[$2::VARCHAR, $3::VARCHAR, $4::VARCHAR, $5::VARCHAR, $6::VARCHAR]) AND pg_catalog.pg_table_is_visible(pg_catalog.pg_class.oid) AND pg_catalog.pg_namespace.nspname != $7::VARCHAR
2025-04-10 05:29:04,634 [INFO] [cached since 0.00477s ago] ('order_item', 'r', 'p', 'f', 'v', 'm', 'pg_catalog')
2025-04-10 05:29:04,634 [INFO] COMMIT
2025-04-10 05:29:04,635 [INFO] BEGIN (implicit)
2025-04-10 05:29:04,650 [INFO] SELECT category.id, category.name, category.created, category.updated 
FROM category
2025-04-10 05:29:04,650 [INFO] [generated in 0.00017s] ()
2025-04-10 05:29:04,652 [INFO] SELECT banner.id, banner.name, banner.image, banner.description, banner.created, banner.updated 
FROM banner
2025-04-10 05:29:04,652 [INFO] [generated in 0.00012s] ()
2025-04-10 05:29:04,652 [INFO] ROLLBACK
2025-04-10 05:29:04,653 [INFO] Start polling
2025-04-10 05:29:04,750 [INFO] Run polling for bot @sultanshop20_bot id=7443088052 - 'Sultan shop'
2025-04-10 05:29:14,183 [INFO] BEGIN (implicit)
2025-04-10 05:29:14,185 [INFO] SELECT product.id, product.name, product.description, product.price, product.image, product.category_id, product.seller_id, product.quantity, product.created, product.updated 
FROM product 
WHERE product.category_id = $1::INTEGER
2025-04-10 05:29:14,185 [INFO] [generated in 0.00015s] (7,)
2025-04-10 05:29:14,187 [INFO] SELECT category.id AS category_id, category.name AS category_name, category.created AS category_created, category.updated AS category_updated 
FROM category 
WHERE category.id IN ($1::INTEGER)
2025-04-10 05:29:14,187 [INFO] [generated in 0.00019s] (7,)
2025-04-10 05:29:14,828 [INFO] ROLLBACK
2025-04-10 05:29:14,829 [INFO] Update id=734890051 is handled. Duration 646 ms by bot id=7443088052
2025-04-10 05:29:17,554 [INFO] BEGIN (implicit)
2025-04-10 05:29:17,555 [INFO] SELECT product.id, product.name, product.description, product.price, product.image, product.category_id, product.seller_id, product.quantity, product.created, product.updated 
FROM product 
WHERE product.id = $1::INTEGER
2025-04-10 05:29:17,555 [INFO] [generated in 0.00013s] (3,)
2025-04-10 05:29:17,557 [INFO] SELECT category.id AS category_id, category.name AS category_name, category.created AS category_created, category.updated AS category_updated 
FROM category 
WHERE category.id IN ($1::INTEGER)
2025-04-10 05:29:17,557 [INFO] [generated in 0.00016s] (7,)
2025-04-10 05:29:17,813 [INFO] ROLLBACK
2025-04-10 05:29:17,813 [INFO] Update id=734890052 is handled. Duration 260 ms by bot id=7443088052
2025-04-10 05:29:21,472 [INFO] Update id=734890053 is handled. Duration 145 ms by bot id=7443088052
2025-04-10 05:29:22,442 [INFO] BEGIN (implicit)
2025-04-10 05:29:22,442 [INFO] SELECT category.id, category.name, category.created, category.updated 
FROM category
2025-04-10 05:29:22,442 [INFO] [cached since 17.79s ago] ()
2025-04-10 05:29:22,581 [INFO] ROLLBACK
2025-04-10 05:29:22,581 [INFO] Update id=734890054 is handled. Duration 140 ms by bot id=7443088052
2025-04-10 05:29:24,604 [INFO] BEGIN (implicit)
2025-04-10 05:29:24,604 [INFO] SELECT sellers.id, sellers.name, sellers.description, sellers.phone, sellers.address, sellers.created, sellers.updated 
FROM sellers
2025-04-10 05:29:24,604 [INFO] [generated in 0.00012s] ()
2025-04-10 05:29:24,767 [INFO] ROLLBACK
2025-04-10 05:29:24,768 [INFO] Update id=734890055 is handled. Duration 165 ms by bot id=7443088052
2025-04-10 05:29:26,363 [INFO] BEGIN (implicit)
2025-04-10 05:29:26,364 [INFO] SELECT sellers.id, sellers.name, sellers.description, sellers.phone, sellers.address, sellers.created, sellers.updated 
FROM sellers
2025-04-10 05:29:26,364 [INFO] [cached since 1.759s ago] ()
2025-04-10 05:29:26,570 [INFO] ROLLBACK
2025-04-10 05:29:26,571 [INFO] Update id=734890056 is handled. Duration 208 ms by bot id=7443088052
2025-04-10 05:29:29,587 [INFO] Update id=734890057 is handled. Duration 164 ms by bot id=7443088052
2025-04-10 05:29:31,647 [INFO] Update id=734890058 is handled. Duration 216 ms by bot id=7443088052
2025-04-10 05:29:32,568 [INFO] Данные для обновления/добавления товара: {'name': 'Товар', 'description': 'Какой то товар', 'category': 7, 'seller': 1, 'quantity': 1, 'price': Decimal('34.00'), 'image': 'AgACAgIAAxkBAAICgGfvysxMujPU-rCVRsw5CJ7ei_PEAAKt7zEbyJWASxYyCn0T89c_AQADAgADeQADNgQ'}
2025-04-10 05:29:32,568 [INFO] Обновляем товар с ID 3 данными: {'name': 'Товар', 'description': 'Какой то товар', 'category': 7, 'seller': 1, 'quantity': 1, 'price': Decimal('34.00'), 'image': 'AgACAgIAAxkBAAICgGfvysxMujPU-rCVRsw5CJ7ei_PEAAKt7zEbyJWASxYyCn0T89c_AQADAgADeQADNgQ'}
2025-04-10 05:29:32,569 [INFO] BEGIN (implicit)
2025-04-10 05:29:32,570 [INFO] UPDATE product SET name=$1::VARCHAR, description=$2::VARCHAR, price=$3::NUMERIC(5, 2), image=$4::VARCHAR, category_id=$5::INTEGER, seller_id=$6::INTEGER, quantity=$7::INTEGER, updated=now() WHERE product.id = $8::INTEGER
2025-04-10 05:29:32,570 [INFO] [generated in 0.00015s] ('Товар', 'Какой то товар', 34.0, 'AgACAgIAAxkBAAICgGfvysxMujPU-rCVRsw5CJ7ei_PEAAKt7zEbyJWASxYyCn0T89c_AQADAgADeQADNgQ', 7, 1, 1, 3)
2025-04-10 05:29:32,918 [INFO] COMMIT
2025-04-10 05:29:33,100 [INFO] Update id=734890059 is handled. Duration 533 ms by bot id=7443088052
